2026-05-20 02:08:11,247 - TEXT="this is terrible" | PREDICTION="NEGATIVE" | SCORE=0.9996459484100342
2026-05-20 02:09:04,459 - TEXT="ARSENAL ARE THE 25/26 PREMIER LEAGUE CHAMPIONS" | PREDICTION="POSITIVE" | SCORE=0.9992973804473877
2026-05-20 02:09:27,040 - TEXT="CHAMPIOOOONEEES CHAMPIOOONEEES OLE OLE OLEEEE" | PREDICTION="NEGATIVE" | SCORE=0.9922239780426025
2026-05-20 02:09:44,528 - TEXT="WE'VE WON THE LEAGUE AT ANFIELD" | PREDICTION="POSITIVE" | SCORE=0.9997355341911316
2026-05-20 02:09:57,952 - TEXT="WE'VE WON IT AT THE LAAAAAANE" | PREDICTION="POSITIVE" | SCORE=0.9990719556808472
2026-05-20 02:10:14,974 - TEXT="TWICE(2!!)" | PREDICTION="POSITIVE" | SCORE=0.9302530288696289
2026-05-20 02:10:38,977 - TEXT="STAMFORD BRIDGE OLD TRAFFOOOOORRRD" | PREDICTION="NEGATIVE" | SCORE=0.9851265549659729
2026-05-20 02:10:53,697 - TEXT="NO ONE CAN SAY THE SAAAAME" | PREDICTION="NEGATIVE" | SCORE=0.9990704655647278
2026-05-20 02:11:10,462 - TEXT="MIKEL ARTETA'S ARMY!" | PREDICTION="POSITIVE" | SCORE=0.9975501894950867
2026-05-20 02:11:27,665 - TEXT="WE'RE ARSENAL THROUGH AND THROUUUUUUGH" | PREDICTION="NEGATIVE" | SCORE=0.9283409118652344
2026-05-20 02:11:46,607 - TEXT="WE'LL SING IT IN THE NORHT BAAAAANK" | PREDICTION="NEGATIVE" | SCORE=0.9752615690231323
2026-05-20 02:11:58,644 - TEXT="AND IN THE CLOCK END TOOOOOOOOOO" | PREDICTION="NEGATIVE" | SCORE=0.9728755950927734
2026-05-20 02:12:07,017 - TEXT="OLE OLE OLEEEEEEE" | PREDICTION="POSITIVE" | SCORE=0.6166549921035767
2026-05-20 02:12:18,655 - TEXT="OLE OLE OLEEEEEEEEEE" | PREDICTION="NEGATIVE" | SCORE=0.9251312017440796
2026-05-20 02:33:37,420 - TEXT="Amazing experience" | PREDICTION="POSITIVE" | SCORE=0.9998812675476074
2026-05-20 02:33:37,531 - 1 change detected
2026-05-20 02:33:56,839 - TEXT="This is horrible" | PREDICTION="NEGATIVE" | SCORE=0.9997454285621643
2026-05-20 02:33:56,938 - 1 change detected
2026-05-20 02:33:58,284 - TEXT="This is horrible" | PREDICTION="NEGATIVE" | SCORE=0.9997454285621643
2026-05-20 02:33:58,353 - 1 change detected
2026-05-20 02:33:58,444 - TEXT="This is horrible" | PREDICTION="NEGATIVE" | SCORE=0.9997454285621643
2026-05-20 02:33:58,598 - TEXT="This is horrible" | PREDICTION="NEGATIVE" | SCORE=0.9997454285621643
2026-05-20 02:33:58,715 - 1 change detected
2026-05-20 02:33:58,742 - TEXT="This is horrible" | PREDICTION="NEGATIVE" | SCORE=0.9997454285621643
2026-05-20 02:33:58,900 - TEXT="This is horrible" | PREDICTION="NEGATIVE" | SCORE=0.9997454285621643
2026-05-20 02:33:59,054 - TEXT="This is horrible" | PREDICTION="NEGATIVE" | SCORE=0.9997454285621643
2026-05-20 02:33:59,071 - 1 change detected
2026-05-20 02:33:59,203 - TEXT="This is horrible" | PREDICTION="NEGATIVE" | SCORE=0.9997454285621643
2026-05-20 02:33:59,356 - TEXT="This is horrible" | PREDICTION="NEGATIVE" | SCORE=0.9997454285621643
2026-05-20 02:33:59,430 - 1 change detected
2026-05-20 02:34:08,988 - TEXT="This is amazing" | PREDICTION="POSITIVE" | SCORE=0.9998784065246582
2026-05-20 02:34:09,065 - 1 change detected
2026-05-20 02:34:09,130 - TEXT="This is amazing" | PREDICTION="POSITIVE" | SCORE=0.9998784065246582
2026-05-20 02:34:09,283 - TEXT="This is amazing" | PREDICTION="POSITIVE" | SCORE=0.9998784065246582
2026-05-20 02:34:09,424 - 1 change detected
2026-05-20 02:34:09,436 - TEXT="This is amazing" | PREDICTION="POSITIVE" | SCORE=0.9998784065246582
2026-05-20 02:34:09,573 - TEXT="This is amazing" | PREDICTION="POSITIVE" | SCORE=0.9998784065246582
2026-05-20 02:34:09,731 - TEXT="This is amazing" | PREDICTION="POSITIVE" | SCORE=0.9998784065246582
2026-05-20 02:34:09,778 - 1 change detected
2026-05-20 02:35:14,546 - 2 changes detected
2026-05-20 02:35:15,699 - 1 change detected
2026-05-20 02:35:43,158 - 1 change detected
2026-05-20 02:35:44,271 - 1 change detected
2026-05-20 02:35:46,557 - 3 changes detected
2026-05-20 02:35:49,500 - 1 change detected
2026-05-20 02:36:04,773 - 1 change detected
2026-05-20 02:36:05,867 - 1 change detected
2026-05-20 02:38:15,737 - 1 change detected
2026-05-20 02:38:16,790 - 1 change detected
2026-05-20 02:38:20,071 - 1 change detected
2026-05-20 02:41:45,134 - 1 change detected
2026-05-20 02:47:56,784 - 1 change detected
2026-05-20 02:49:16,516 - 1 change detected
2026-05-20 02:49:16,874 - 2 changes detected
2026-05-20 02:49:17,426 - 1 change detected
2026-05-20 02:49:18,669 - 1 change detected
2026-05-20 02:49:19,781 - 1 change detected
2026-05-20 02:52:02,929 - 1 change detected
2026-05-20 02:53:57,995 - TEXT="I love this app" | PREDICTION="POSITIVE" | SCORE=0.9998608827590942
2026-05-20 02:53:58,073 - 1 change detected
2026-05-20 02:53:58,237 - TEXT="I love this app" | PREDICTION="POSITIVE" | SCORE=0.9998608827590942
2026-05-20 02:53:58,429 - 1 change detected
2026-05-20 02:53:59,190 - TEXT="I love this app" | PREDICTION="POSITIVE" | SCORE=0.9998608827590942
2026-05-20 02:53:59,288 - 1 change detected
2026-05-20 02:53:59,831 - TEXT="I love this app" | PREDICTION="POSITIVE" | SCORE=0.9998608827590942
2026-05-20 02:53:59,897 - 1 change detected
2026-05-20 02:53:59,989 - TEXT="I love this app" | PREDICTION="POSITIVE" | SCORE=0.9998608827590942
2026-05-20 02:54:00,172 - TEXT="I love this app" | PREDICTION="POSITIVE" | SCORE=0.9998608827590942
2026-05-20 02:54:00,250 - 1 change detected
2026-05-20 02:54:00,327 - TEXT="I love this app" | PREDICTION="POSITIVE" | SCORE=0.9998608827590942
2026-05-20 02:54:00,477 - TEXT="I love this app" | PREDICTION="POSITIVE" | SCORE=0.9998608827590942
2026-05-20 02:54:00,606 - 1 change detected
2026-05-20 02:54:00,620 - TEXT="I love this app" | PREDICTION="POSITIVE" | SCORE=0.9998608827590942
2026-05-20 02:54:00,768 - TEXT="I love this app" | PREDICTION="POSITIVE" | SCORE=0.9998608827590942
2026-05-20 02:54:00,931 - TEXT="I love this app" | PREDICTION="POSITIVE" | SCORE=0.9998608827590942
2026-05-20 02:54:00,958 - 1 change detected
2026-05-20 02:54:01,094 - TEXT="I love this app" | PREDICTION="POSITIVE" | SCORE=0.9998608827590942
2026-05-20 02:54:01,259 - TEXT="I love this app" | PREDICTION="POSITIVE" | SCORE=0.9998608827590942
2026-05-20 02:54:01,316 - 1 change detected
2026-05-20 02:54:01,419 - TEXT="I love this app" | PREDICTION="POSITIVE" | SCORE=0.9998608827590942
2026-05-20 02:54:01,596 - TEXT="I love this app" | PREDICTION="POSITIVE" | SCORE=0.9998608827590942
2026-05-20 02:54:01,668 - 1 change detected
2026-05-20 02:54:01,763 - TEXT="I love this app" | PREDICTION="POSITIVE" | SCORE=0.9998608827590942
2026-05-20 02:54:01,940 - TEXT="I love this app" | PREDICTION="POSITIVE" | SCORE=0.9998608827590942
2026-05-20 02:54:02,021 - 1 change detected
2026-05-20 02:54:02,093 - TEXT="I love this app" | PREDICTION="POSITIVE" | SCORE=0.9998608827590942
2026-05-20 02:54:02,376 - 1 change detected
2026-05-20 02:55:34,597 - 1 change detected
2026-05-20 02:55:34,951 - 2 changes detected
2026-05-20 02:58:03,868 - 1 change detected
2026-05-20 02:58:04,231 - 1 change detected
2026-05-20 02:58:04,591 - 1 change detected
2026-05-20 02:58:04,948 - 1 change detected
2026-05-20 02:58:05,307 - 1 change detected
2026-05-20 02:58:05,668 - 1 change detected
2026-05-20 02:58:06,032 - 1 change detected
2026-05-20 02:58:06,390 - 1 change detected
2026-05-20 02:58:06,749 - 1 change detected
2026-05-20 02:58:07,107 - 1 change detected
2026-05-20 02:58:07,469 - 1 change detected
2026-05-20 02:58:07,829 - 1 change detected
2026-05-20 02:58:08,189 - 1 change detected
2026-05-20 02:58:08,552 - 1 change detected
2026-05-20 02:58:08,910 - 1 change detected
2026-05-20 02:58:09,269 - 1 change detected
2026-05-20 02:58:09,626 - 1 change detected
2026-05-20 02:58:09,987 - 1 change detected
2026-05-20 02:58:10,352 - 1 change detected
2026-05-20 02:58:10,710 - 1 change detected
